<?xml version="1.0" encoding="UTF-8"?>
<testng-results ignored="0" total="2" passed="2" failed="0" skipped="0">
  <reporter-output>
  </reporter-output>
  <suite started-at="2022-05-13T19:51:21 CDT" name="Default suite" finished-at="2022-05-13T19:51:44 CDT" duration-ms="23538">
    <groups>
    </groups>
    <test started-at="2022-05-13T19:51:21 CDT" name="Default test" finished-at="2022-05-13T19:51:44 CDT" duration-ms="23538">
      <class name="variousConcepts.LoginTest">
        <test-method is-config="true" signature="readConfig()[pri:0, instance:variousConcepts.LoginTest@4a7f959b]" started-at="2022-05-13T19:51:21 CDT" name="readConfig" finished-at="2022-05-13T19:51:21 CDT" duration-ms="13" status="PASS">
          <reporter-output>
          </reporter-output>
        </test-method> <!-- readConfig -->
        <test-method is-config="true" signature="init()[pri:0, instance:variousConcepts.LoginTest@4a7f959b]" started-at="2022-05-13T19:51:21 CDT" name="init" finished-at="2022-05-13T19:51:28 CDT" duration-ms="7355" status="PASS">
          <reporter-output>
          </reporter-output>
        </test-method> <!-- init -->
        <test-method signature="negLoginTest()[pri:1, instance:variousConcepts.LoginTest@4a7f959b]" started-at="2022-05-13T19:51:28 CDT" name="negLoginTest" finished-at="2022-05-13T19:51:30 CDT" duration-ms="2388" status="PASS">
          <reporter-output>
          </reporter-output>
        </test-method> <!-- negLoginTest -->
        <test-method is-config="true" signature="tearDown()[pri:0, instance:variousConcepts.LoginTest@4a7f959b]" started-at="2022-05-13T19:51:30 CDT" name="tearDown" finished-at="2022-05-13T19:51:32 CDT" duration-ms="1536" status="PASS">
          <reporter-output>
          </reporter-output>
        </test-method> <!-- tearDown -->
        <test-method is-config="true" signature="init()[pri:0, instance:variousConcepts.LoginTest@4a7f959b]" started-at="2022-05-13T19:51:32 CDT" name="init" finished-at="2022-05-13T19:51:37 CDT" duration-ms="5133" status="PASS">
          <reporter-output>
          </reporter-output>
        </test-method> <!-- init -->
        <test-method signature="loginTest()[pri:2, instance:variousConcepts.LoginTest@4a7f959b]" started-at="2022-05-13T19:51:37 CDT" name="loginTest" finished-at="2022-05-13T19:51:40 CDT" duration-ms="2781" status="PASS">
          <reporter-output>
          </reporter-output>
        </test-method> <!-- loginTest -->
        <test-method is-config="true" signature="tearDown()[pri:0, instance:variousConcepts.LoginTest@4a7f959b]" started-at="2022-05-13T19:51:40 CDT" name="tearDown" finished-at="2022-05-13T19:51:44 CDT" duration-ms="4260" status="PASS">
          <reporter-output>
          </reporter-output>
        </test-method> <!-- tearDown -->
      </class> <!-- variousConcepts.LoginTest -->
    </test> <!-- Default test -->
  </suite> <!-- Default suite -->
</testng-results>
